<?xml version="1.0" encoding="UTF-8"?>
<testsuite xmlns:xsi="http://www.w3.org/2001/XMLSchema-instance" xsi:noNamespaceSchemaLocation="https://maven.apache.org/surefire/maven-surefire-plugin/xsd/surefire-test-report-3.0.xsd" version="3.0" name="com.epam.finaltask.restcontroller.VoucherRestControllerTest" time="0.96" tests="6" errors="0" skipped="0" failures="0">
  <properties>
[...]
</properties>
  <testcase name="findAllByUserId_Successfully" classname="com.epam.finaltask.restcontroller.VoucherRestControllerTest" time="0.02">
    <system-out><![CDATA[2026-02-10T19:53:25.235+04:00  INFO 8807 --- [           main] t.c.s.AnnotationConfigContextLoaderUtils : Could not detect default configuration classes for test class [com.epam.finaltask.restcontroller.VoucherRestControllerTest]: VoucherRestControllerTest does not declare any static, non-private, non-final, nested classes annotated with @Configuration.
2026-02-10T19:53:25.244+04:00  INFO 8807 --- [           main] .b.t.c.SpringBootTestContextBootstrapper : Found @SpringBootConfiguration com.epam.finaltask.Application for test class com.epam.finaltask.restcontroller.VoucherRestControllerTest
2026-02-10T19:53:25.253+04:00  INFO 8807 --- [           main] o.s.b.d.r.RestartApplicationListener     : Restart disabled due to context in which it is running

  .   ____          _            __ _ _
 /\\ / ___'_ __ _ _(_)_ __  __ _ \ \ \ \
( ( )\___ | '_ | '_| | '_ \/ _` | \ \ \ \
 \\/  ___)| |_)| | | | | || (_| |  ) ) ) )
  '  |____| .__|_| |_|_| |_\__, | / / / /
 =========|_|==============|___/=/_/_/_/
 :: Spring Boot ::                (v3.2.1)

2026-02-10T19:53:25.297+04:00  INFO 8807 --- [           main] c.e.f.r.VoucherRestControllerTest        : Starting VoucherRestControllerTest using Java 21.0.10 with PID 8807 (started by giga in /home/giga/EPAM/travel-agency-final-project-task2)
2026-02-10T19:53:25.297+04:00  INFO 8807 --- [           main] c.e.f.r.VoucherRestControllerTest        : No active profile set, falling back to 1 default profile: "default"
2026-02-10T19:53:25.515+04:00  INFO 8807 --- [           main] .s.d.r.c.RepositoryConfigurationDelegate : Bootstrapping Spring Data JPA repositories in DEFAULT mode.
2026-02-10T19:53:25.525+04:00  INFO 8807 --- [           main] .s.d.r.c.RepositoryConfigurationDelegate : Finished Spring Data repository scanning in 9 ms. Found 2 JPA repository interfaces.
2026-02-10T19:53:25.558+04:00  INFO 8807 --- [           main] beddedDataSourceBeanFactoryPostProcessor : Replacing 'dataSource' DataSource bean with embedded version
2026-02-10T19:53:25.647+04:00  INFO 8807 --- [           main] o.s.j.d.e.EmbeddedDatabaseFactory        : Starting embedded database: url='jdbc:h2:mem:cfb350db-262f-4e77-8d38-2a00969bb702;DB_CLOSE_DELAY=-1;DB_CLOSE_ON_EXIT=false', username='sa'
2026-02-10T19:53:25.684+04:00  INFO 8807 --- [           main] o.hibernate.jpa.internal.util.LogHelper  : HHH000204: Processing PersistenceUnitInfo [name: default]
2026-02-10T19:53:25.685+04:00  INFO 8807 --- [           main] o.h.c.internal.RegionFactoryInitiator    : HHH000026: Second-level cache disabled
2026-02-10T19:53:25.687+04:00  INFO 8807 --- [           main] o.s.o.j.p.SpringPersistenceUnitInfo      : No LoadTimeWeaver setup: ignoring JPA class transformer
2026-02-10T19:53:25.689+04:00  WARN 8807 --- [           main] org.hibernate.orm.deprecation            : HHH90000025: H2Dialect does not need to be specified explicitly using 'hibernate.dialect' (remove the property setting and it will be selected by default)
2026-02-10T19:53:25.744+04:00  INFO 8807 --- [           main] o.h.e.t.j.p.i.JtaPlatformInitiator       : HHH000489: No JTA platform available (set 'hibernate.transaction.jta.platform' to enable JTA platform integration)
2026-02-10T19:53:25.755+04:00  INFO 8807 --- [           main] j.LocalContainerEntityManagerFactoryBean : Initialized JPA EntityManagerFactory for persistence unit 'default'
2026-02-10T19:53:25.835+04:00  WARN 8807 --- [           main] JpaBaseConfiguration$JpaWebConfiguration : spring.jpa.open-in-view is enabled by default. Therefore, database queries may be performed during view rendering. Explicitly configure spring.jpa.open-in-view to disable this warning
2026-02-10T19:53:25.845+04:00  WARN 8807 --- [           main] .s.s.UserDetailsServiceAutoConfiguration : 

Using generated security password: 7114c226-4a17-4fa0-8984-455a4d301a06

This generated password is for development use only. Your security configuration must be updated before running your application in production.

2026-02-10T19:53:25.856+04:00  INFO 8807 --- [           main] o.s.b.a.w.s.WelcomePageHandlerMapping    : Adding welcome page template: index
2026-02-10T19:53:25.921+04:00  INFO 8807 --- [           main] o.s.s.web.DefaultSecurityFilterChain     : Will secure any request with [org.springframework.security.web.session.DisableEncodeUrlFilter@3db2388e, org.springframework.security.web.context.request.async.WebAsyncManagerIntegrationFilter@493557d7, org.springframework.security.web.context.SecurityContextHolderFilter@5bf963a, org.springframework.security.web.header.HeaderWriterFilter@992f314, org.springframework.web.filter.CorsFilter@1e512b3, org.springframework.security.web.authentication.logout.LogoutFilter@52cb399d, org.springframework.security.web.savedrequest.RequestCacheAwareFilter@2a38b5c7, org.springframework.security.web.servletapi.SecurityContextHolderAwareRequestFilter@35283b74, org.springframework.security.web.authentication.AnonymousAuthenticationFilter@a69c4c3, org.springframework.security.web.access.ExceptionTranslationFilter@7f2c0470]
2026-02-10T19:53:26.049+04:00  INFO 8807 --- [           main] o.s.b.t.m.w.SpringBootMockServletContext : Initializing Spring TestDispatcherServlet ''
2026-02-10T19:53:26.049+04:00  INFO 8807 --- [           main] o.s.t.web.servlet.TestDispatcherServlet  : Initializing Servlet ''
2026-02-10T19:53:26.050+04:00  INFO 8807 --- [           main] o.s.t.web.servlet.TestDispatcherServlet  : Completed initialization in 1 ms
2026-02-10T19:53:26.058+04:00  INFO 8807 --- [           main] c.e.f.r.VoucherRestControllerTest        : Started VoucherRestControllerTest in 0.806 seconds (process running for 7.853)
]]></system-out>
  </testcase>
  <testcase name="changeVoucherStatus_ValidData_SuccessfullyChanged" classname="com.epam.finaltask.restcontroller.VoucherRestControllerTest" time="0.028">
    <system-out><![CDATA[
MockHttpServletRequest:
      HTTP Method = PATCH
      Request URI = /api/vouchers/aae52e85-4eac-43ef-854b-c0591cdb01c5/status
       Parameters = {}
          Headers = [Content-Type:"application/json;charset=UTF-8", Content-Length:"189"]
             Body = {"id":null,"title":null,"description":null,"price":null,"tourType":null,"transferType":null,"hotelType":null,"status":null,"arrivalDate":null,"evictionDate":null,"userId":null,"isHot":true}
    Session Attrs = {SPRING_SECURITY_CONTEXT=SecurityContextImpl [Authentication=UsernamePasswordAuthenticationToken [Principal=org.springframework.security.core.userdetails.User [Username=user, Password=[PROTECTED], Enabled=true, AccountNonExpired=true, CredentialsNonExpired=true, AccountNonLocked=true, Granted Authorities=[ROLE_ADMIN, ROLE_MANAGER]], Credentials=[PROTECTED], Authenticated=true, Details=null, Granted Authorities=[ROLE_ADMIN, ROLE_MANAGER]]]}

Handler:
             Type = com.epam.finaltask.restcontroller.VoucherRestController
           Method = com.epam.finaltask.restcontroller.VoucherRestController#changeVoucherStatus(VoucherDTO, String)

Async:
    Async started = false
     Async result = null

Resolved Exception:
             Type = null

ModelAndView:
        View name = null
             View = null
            Model = null

FlashMap:
       Attributes = null

MockHttpServletResponse:
           Status = 200
    Error message = null
          Headers = [Vary:"Origin", "Access-Control-Request-Method", "Access-Control-Request-Headers", Content-Type:"application/json", X-Content-Type-Options:"nosniff", X-XSS-Protection:"0", Cache-Control:"no-cache, no-store, max-age=0, must-revalidate", Pragma:"no-cache", Expires:"0", X-Frame-Options:"DENY"]
     Content type = application/json
             Body = {"statusMessage":"Voucher status is successfully changed","statusCode":"OK"}
    Forwarded URL = null
   Redirected URL = null
          Cookies = []
]]></system-out>
  </testcase>
  <testcase name="createVoucher_ValidData_SuccessfullyCreated" classname="com.epam.finaltask.restcontroller.VoucherRestControllerTest" time="0.018">
    <system-out><![CDATA[
MockHttpServletRequest:
      HTTP Method = POST
      Request URI = /api/vouchers
       Parameters = {}
          Headers = [Content-Type:"application/json;charset=UTF-8", Content-Length:"303"]
             Body = {"id":null,"title":"SummerSale2024","description":"Summer Sale Voucher Description","price":299.99,"tourType":"ADVENTURE","transferType":"PLANE","hotelType":"FIVE_STARS","status":"PAID","arrivalDate":"2024-06-15","evictionDate":"2024-06-20","userId":"f5db3ab2-e11f-4328-b9f2-d2cf12f1993c","isHot":false}
    Session Attrs = {SPRING_SECURITY_CONTEXT=SecurityContextImpl [Authentication=UsernamePasswordAuthenticationToken [Principal=org.springframework.security.core.userdetails.User [Username=user, Password=[PROTECTED], Enabled=true, AccountNonExpired=true, CredentialsNonExpired=true, AccountNonLocked=true, Granted Authorities=[ROLE_ADMIN]], Credentials=[PROTECTED], Authenticated=true, Details=null, Granted Authorities=[ROLE_ADMIN]]]}

Handler:
             Type = com.epam.finaltask.restcontroller.VoucherRestController
           Method = com.epam.finaltask.restcontroller.VoucherRestController#createNewVoucher(VoucherDTO)

Async:
    Async started = false
     Async result = null

Resolved Exception:
             Type = null

ModelAndView:
        View name = null
             View = null
            Model = null

FlashMap:
       Attributes = null

MockHttpServletResponse:
           Status = 201
    Error message = null
          Headers = [Vary:"Origin", "Access-Control-Request-Method", "Access-Control-Request-Headers", Content-Type:"application/json", X-Content-Type-Options:"nosniff", X-XSS-Protection:"0", Cache-Control:"no-cache, no-store, max-age=0, must-revalidate", Pragma:"no-cache", Expires:"0", X-Frame-Options:"DENY"]
     Content type = application/json
             Body = {"statusMessage":"Voucher is successfully created","statusCode":"OK"}
    Forwarded URL = null
   Redirected URL = null
          Cookies = []
]]></system-out>
  </testcase>
  <testcase name="deleteVoucherById_VoucherExists_SuccessfullyDeleted" classname="com.epam.finaltask.restcontroller.VoucherRestControllerTest" time="0.015"/>
  <testcase name="updateVoucher_ValidData_SuccessfullyUpdated" classname="com.epam.finaltask.restcontroller.VoucherRestControllerTest" time="0.02">
    <system-out><![CDATA[
MockHttpServletRequest:
      HTTP Method = PATCH
      Request URI = /api/vouchers/aa385345-9bf7-42bd-8d51-0f2cfacc3d0c
       Parameters = {}
          Headers = [Content-Type:"application/json;charset=UTF-8", Content-Length:"286"]
             Body = {"id":null,"title":"UpdatedTitle","description":"Updated description","price":499.99,"tourType":"SAFARI","transferType":"JEEPS","hotelType":"THREE_STARS","status":"PAID","arrivalDate":"2024-07-15","evictionDate":"2024-07-20","userId":"10265c8b-5b35-49f3-a834-b70a16ff098a","isHot":true}
    Session Attrs = {SPRING_SECURITY_CONTEXT=SecurityContextImpl [Authentication=UsernamePasswordAuthenticationToken [Principal=org.springframework.security.core.userdetails.User [Username=user, Password=[PROTECTED], Enabled=true, AccountNonExpired=true, CredentialsNonExpired=true, AccountNonLocked=true, Granted Authorities=[ROLE_ADMIN]], Credentials=[PROTECTED], Authenticated=true, Details=null, Granted Authorities=[ROLE_ADMIN]]]}

Handler:
             Type = com.epam.finaltask.restcontroller.VoucherRestController
           Method = com.epam.finaltask.restcontroller.VoucherRestController#updateVoucher(VoucherDTO, String)

Async:
    Async started = false
     Async result = null

Resolved Exception:
             Type = null

ModelAndView:
        View name = null
             View = null
            Model = null

FlashMap:
       Attributes = null

MockHttpServletResponse:
           Status = 200
    Error message = null
          Headers = [Vary:"Origin", "Access-Control-Request-Method", "Access-Control-Request-Headers", Content-Type:"application/json", X-Content-Type-Options:"nosniff", X-XSS-Protection:"0", Cache-Control:"no-cache, no-store, max-age=0, must-revalidate", Pragma:"no-cache", Expires:"0", X-Frame-Options:"DENY"]
     Content type = application/json
             Body = {"statusMessage":"Voucher is successfully updated","statusCode":"OK"}
    Forwarded URL = null
   Redirected URL = null
          Cookies = []
]]></system-out>
  </testcase>
  <testcase name="findAll_Successfully" classname="com.epam.finaltask.restcontroller.VoucherRestControllerTest" time="0.012"/>
</testsuite>