<?xml version="1.0" encoding="UTF-8"?>
<testsuite xmlns:xsi="http://www.w3.org/2001/XMLSchema-instance" xsi:noNamespaceSchemaLocation="https://maven.apache.org/surefire/maven-surefire-plugin/xsd/surefire-test-report-3.0.xsd" version="3.0" name="com.epam.finaltask.ApplicationTests" time="4.747" tests="1" errors="0" skipped="0" failures="0">
  <properties>
[...]
</properties>
  <testcase name="contextLoads" classname="com.epam.finaltask.ApplicationTests" time="0.489">
    <system-out><![CDATA[19:53:18.960 [main] INFO org.springframework.test.context.support.AnnotationConfigContextLoaderUtils -- Could not detect default configuration classes for test class [com.epam.finaltask.ApplicationTests]: ApplicationTests does not declare any static, non-private, non-final, nested classes annotated with @Configuration.
19:53:19.061 [main] INFO org.springframework.boot.test.context.SpringBootTestContextBootstrapper -- Found @SpringBootConfiguration com.epam.finaltask.Application for test class com.epam.finaltask.ApplicationTests
19:53:19.215 [main] INFO org.springframework.boot.devtools.restart.RestartApplicationListener -- Restart disabled due to context in which it is running

  .   ____          _            __ _ _
 /\\ / ___'_ __ _ _(_)_ __  __ _ \ \ \ \
( ( )\___ | '_ | '_| | '_ \/ _` | \ \ \ \
 \\/  ___)| |_)| | | | | || (_| |  ) ) ) )
  '  |____| .__|_| |_|_| |_\__, | / / / /
 =========|_|==============|___/=/_/_/_/
 :: Spring Boot ::                (v3.2.1)

2026-02-10T19:53:19.493+04:00  INFO 8807 --- [           main] com.epam.finaltask.ApplicationTests      : Starting ApplicationTests using Java 21.0.10 with PID 8807 (started by giga in /home/giga/EPAM/travel-agency-final-project-task2)
2026-02-10T19:53:19.495+04:00  INFO 8807 --- [           main] com.epam.finaltask.ApplicationTests      : No active profile set, falling back to 1 default profile: "default"
2026-02-10T19:53:20.086+04:00  INFO 8807 --- [           main] .s.d.r.c.RepositoryConfigurationDelegate : Bootstrapping Spring Data JPA repositories in DEFAULT mode.
2026-02-10T19:53:20.129+04:00  INFO 8807 --- [           main] .s.d.r.c.RepositoryConfigurationDelegate : Finished Spring Data repository scanning in 36 ms. Found 2 JPA repository interfaces.
2026-02-10T19:53:20.234+04:00  INFO 8807 --- [           main] beddedDataSourceBeanFactoryPostProcessor : Replacing 'dataSource' DataSource bean with embedded version
2026-02-10T19:53:20.650+04:00  INFO 8807 --- [           main] o.s.b.w.embedded.tomcat.TomcatWebServer  : Tomcat initialized with port 0 (http)
2026-02-10T19:53:20.660+04:00  INFO 8807 --- [           main] o.apache.catalina.core.StandardService   : Starting service [Tomcat]
2026-02-10T19:53:20.660+04:00  INFO 8807 --- [           main] o.apache.catalina.core.StandardEngine    : Starting Servlet engine: [Apache Tomcat/10.1.17]
2026-02-10T19:53:20.705+04:00  INFO 8807 --- [           main] o.a.c.c.C.[Tomcat].[localhost].[/]       : Initializing Spring embedded WebApplicationContext
2026-02-10T19:53:20.706+04:00  INFO 8807 --- [           main] w.s.c.ServletWebServerApplicationContext : Root WebApplicationContext: initialization completed in 1199 ms
2026-02-10T19:53:20.781+04:00  INFO 8807 --- [           main] o.s.j.d.e.EmbeddedDatabaseFactory        : Starting embedded database: url='jdbc:h2:mem:59f3f0f9-bdd3-4c77-b0da-dc06ada018c5;DB_CLOSE_DELAY=-1;DB_CLOSE_ON_EXIT=false', username='sa'
2026-02-10T19:53:21.014+04:00  INFO 8807 --- [           main] o.hibernate.jpa.internal.util.LogHelper  : HHH000204: Processing PersistenceUnitInfo [name: default]
2026-02-10T19:53:21.057+04:00  INFO 8807 --- [           main] org.hibernate.Version                    : HHH000412: Hibernate ORM core version 6.4.1.Final
2026-02-10T19:53:21.086+04:00  INFO 8807 --- [           main] o.h.c.internal.RegionFactoryInitiator    : HHH000026: Second-level cache disabled
2026-02-10T19:53:21.275+04:00  INFO 8807 --- [           main] o.s.o.j.p.SpringPersistenceUnitInfo      : No LoadTimeWeaver setup: ignoring JPA class transformer
2026-02-10T19:53:21.321+04:00  WARN 8807 --- [           main] org.hibernate.orm.deprecation            : HHH90000025: H2Dialect does not need to be specified explicitly using 'hibernate.dialect' (remove the property setting and it will be selected by default)
2026-02-10T19:53:22.000+04:00  INFO 8807 --- [           main] o.h.e.t.j.p.i.JtaPlatformInitiator       : HHH000489: No JTA platform available (set 'hibernate.transaction.jta.platform' to enable JTA platform integration)
2026-02-10T19:53:22.034+04:00  INFO 8807 --- [           main] j.LocalContainerEntityManagerFactoryBean : Initialized JPA EntityManagerFactory for persistence unit 'default'
2026-02-10T19:53:22.402+04:00  WARN 8807 --- [           main] JpaBaseConfiguration$JpaWebConfiguration : spring.jpa.open-in-view is enabled by default. Therefore, database queries may be performed during view rendering. Explicitly configure spring.jpa.open-in-view to disable this warning
2026-02-10T19:53:22.429+04:00  WARN 8807 --- [           main] .s.s.UserDetailsServiceAutoConfiguration : 

Using generated security password: 96e8daab-7b85-42b7-aeba-82d83a48e7f9

This generated password is for development use only. Your security configuration must be updated before running your application in production.

2026-02-10T19:53:22.510+04:00  INFO 8807 --- [           main] o.s.b.a.w.s.WelcomePageHandlerMapping    : Adding welcome page template: index
2026-02-10T19:53:22.750+04:00  INFO 8807 --- [           main] o.s.s.web.DefaultSecurityFilterChain     : Will secure any request with [org.springframework.security.web.session.DisableEncodeUrlFilter@5a8d03ce, org.springframework.security.web.context.request.async.WebAsyncManagerIntegrationFilter@14ecd835, org.springframework.security.web.context.SecurityContextHolderFilter@7444714e, org.springframework.security.web.header.HeaderWriterFilter@1071f3ad, org.springframework.web.filter.CorsFilter@19c578bf, org.springframework.security.web.authentication.logout.LogoutFilter@23f27434, org.springframework.security.web.savedrequest.RequestCacheAwareFilter@77c1a7ce, org.springframework.security.web.servletapi.SecurityContextHolderAwareRequestFilter@433d5536, org.springframework.security.web.authentication.AnonymousAuthenticationFilter@1eeb9e5c, org.springframework.security.web.access.ExceptionTranslationFilter@56a6aadb]
2026-02-10T19:53:23.041+04:00  INFO 8807 --- [           main] o.s.b.w.embedded.tomcat.TomcatWebServer  : Tomcat started on port 32969 (http) with context path ''
2026-02-10T19:53:23.050+04:00  INFO 8807 --- [           main] com.epam.finaltask.ApplicationTests      : Started ApplicationTests in 3.847 seconds (process running for 4.845)
]]></system-out>
    <system-err><![CDATA[WARNING: A Java agent has been loaded dynamically (/home/giga/.m2/repository/net/bytebuddy/byte-buddy-agent/1.14.10/byte-buddy-agent-1.14.10.jar)
WARNING: If a serviceability tool is in use, please run with -XX:+EnableDynamicAgentLoading to hide this warning
WARNING: If a serviceability tool is not in use, please run with -Djdk.instrument.traceUsage for more information
WARNING: Dynamic loading of agents will be disallowed by default in a future release
]]></system-err>
  </testcase>
</testsuite>